2020-12-25 13:13:23 DEBUG TestBase:29 - create obj to properties class
2020-12-25 13:13:23 DEBUG TestBase:31 - read the data from properties file
2020-12-25 13:13:23 DEBUG TestBase:34 - load the properties
2020-12-25 13:13:23 DEBUG TestBase:44 - fetch the browser value&launchchrome
2020-12-25 13:15:31 DEBUG TestBase:29 - create obj to properties class
2020-12-25 13:15:31 DEBUG TestBase:31 - read the data from properties file
2020-12-25 13:15:31 DEBUG TestBase:34 - load the properties
2020-12-25 13:15:31 DEBUG TestBase:59 - open application url: https://www.linkedin.com/home
2020-12-25 13:15:31 DEBUG TestBase:29 - create obj to properties class
2020-12-25 13:15:31 DEBUG TestBase:31 - read the data from properties file
2020-12-25 13:15:31 DEBUG TestBase:34 - load the properties
2020-12-25 13:16:02 DEBUG TestBase:62 - add implicit wait
2020-12-25 13:16:02 DEBUG TestBase:29 - create obj to properties class
2020-12-25 13:16:02 DEBUG TestBase:31 - read the data from properties file
2020-12-25 13:16:02 DEBUG TestBase:34 - load the properties
2020-12-25 13:16:02 DEBUG TestBase:64 - create object for WebDriverWait
2020-12-25 13:16:02 DEBUG TestBase:29 - create obj to properties class
2020-12-25 13:16:02 DEBUG TestBase:31 - read the data from properties file
2020-12-25 13:16:02 DEBUG TestBase:34 - load the properties
2020-12-25 13:16:04 DEBUG SearchDDTest:32 - create object to classes
2020-12-25 13:16:05 DEBUG SearchDDTest:38 - call and verify the homepage title
2020-12-25 13:16:05 DEBUG LinkedInHomePage:46 - wait for the linkedin home page title
2020-12-25 13:16:05 DEBUG SearchDDTest:40 - verify the linkedin home page logo
2020-12-25 13:16:05 DEBUG LinkedInHomePage:52 - wait and verify the Linkedin Logo in HomePage
2020-12-25 13:16:06 DEBUG SearchDDTest:42 - click on signin link on home page
2020-12-25 13:16:07 DEBUG LinkedInHomePage:59 - click on signin link
2020-12-25 13:17:21 DEBUG LinkedInHomePage:67 - wait and verify welcomeback headertext
2020-12-25 13:17:25 DEBUG LinkedInHomePage:73 - wait and verify the linkedin login page title
2020-12-25 13:17:25 DEBUG SearchDDTest:46 - perform the login only once
2020-12-25 13:17:25 DEBUG TestBase:29 - create obj to properties class
2020-12-25 13:17:25 DEBUG TestBase:31 - read the data from properties file
2020-12-25 13:17:25 DEBUG TestBase:34 - load the properties
2020-12-25 13:17:25 DEBUG TestBase:29 - create obj to properties class
2020-12-25 13:17:25 DEBUG TestBase:31 - read the data from properties file
2020-12-25 13:17:25 DEBUG TestBase:34 - load the properties
2020-12-25 13:17:25 DEBUG LinkedInHomePage:88 - Started executing doLogin method
2020-12-25 13:17:25 DEBUG LinkedInHomePage:89 - clear the content in the email editbox
2020-12-25 13:17:28 DEBUG LinkedInHomePage:91 - type the email id in emaileditboxgowriammu4@gmail.com
2020-12-25 13:17:35 DEBUG LinkedInHomePage:94 - clear the content in the password editbox
2020-12-25 13:17:35 DEBUG LinkedInHomePage:96 - type the email id in pwdeditboxmurthy$41
2020-12-25 13:17:35 DEBUG LinkedInHomePage:99 - click on signin button
2020-12-25 13:17:36 DEBUG LinkedInHomePage:80 - click on signin button
2020-12-25 13:18:24 DEBUG LinkedInLoggedInPage:36 - wait and verify the profilerailcard
2020-12-25 13:18:25 DEBUG ExcelUtils:32 - Specify the path of file :C:\Users\admin\eclipse-workspace\HybridFramework\src\test\java\com\qa\linkedin\data\linkedintestdata.xlsx
2020-12-25 13:18:25 DEBUG ExcelUtils:35 - read the file
2020-12-25 13:18:26 DEBUG ExcelUtils:37 - Load workbook
2020-12-25 13:19:19 DEBUG ExcelUtils:42 - fetch the row count
2020-12-25 13:19:19 DEBUG ExcelUtils:44 - number of rows in the excel sheet is-->4
2020-12-25 13:19:19 DEBUG ExcelUtils:46 - number of columns in the excel sheet is -->1
2020-12-25 13:19:23 DEBUG SearchDDTest:56 - started executing the searchPeopleTest 
2020-12-25 13:19:23 DEBUG LinkedInLoggedInPage:43 - started executing dopeoplesearchramesh
2020-12-25 13:19:23 DEBUG LinkedInLoggedInPage:44 - clear the content in search editbox
2020-12-25 13:19:24 DEBUG LinkedInLoggedInPage:46 - Type the keyword ramesh
2020-12-25 13:19:30 DEBUG SearchDDTest:60 - fetch the result count forramesh
2020-12-25 13:19:30 DEBUG LinkedInLoggedInPage:30 - wait for the search results page title
2020-12-25 13:19:32 DEBUG LinkedInLoggedInPage:38 - wait for the search results text
2020-12-25 13:19:32 DEBUG LinkedInLoggedInPage:40 - geeting the results text from webpage
2020-12-25 13:19:33 DEBUG LinkedInLoggedInPage:43 - results count in string format is 266,768
2020-12-25 13:19:33 DEBUG SearchDDTest:64 - the results count forramesh is: 266 768
2020-12-25 13:19:33 DEBUG SearchDDTest:66 - click on home icon
2020-12-25 13:19:33 DEBUG LinkedInLoggedInPage:51 - wait for the home tab
2020-12-25 13:19:33 DEBUG LinkedInLoggedInPage:52 - check whether hometab is clickable or not
2020-12-25 13:19:37 DEBUG SearchDDTest:56 - started executing the searchPeopleTest 
2020-12-25 13:19:37 DEBUG LinkedInLoggedInPage:43 - started executing dopeoplesearchram
2020-12-25 13:19:37 DEBUG LinkedInLoggedInPage:44 - clear the content in search editbox
2020-12-25 13:19:37 DEBUG LinkedInLoggedInPage:46 - Type the keyword ram
2020-12-25 13:19:40 DEBUG SearchDDTest:60 - fetch the result count forram
2020-12-25 13:19:40 DEBUG LinkedInLoggedInPage:30 - wait for the search results page title
2020-12-25 13:19:46 DEBUG LinkedInLoggedInPage:38 - wait for the search results text
2020-12-25 13:19:46 DEBUG LinkedInLoggedInPage:40 - geeting the results text from webpage
2020-12-25 13:19:46 DEBUG LinkedInLoggedInPage:43 - results count in string format is 690,640
2020-12-25 13:19:46 DEBUG SearchDDTest:64 - the results count forram is: 690 640
2020-12-25 13:19:46 DEBUG SearchDDTest:66 - click on home icon
2020-12-25 13:19:46 DEBUG LinkedInLoggedInPage:51 - wait for the home tab
2020-12-25 13:19:46 DEBUG LinkedInLoggedInPage:52 - check whether hometab is clickable or not
2020-12-25 13:19:46 DEBUG SearchDDTest:56 - started executing the searchPeopleTest 
2020-12-25 13:19:46 DEBUG LinkedInLoggedInPage:43 - started executing dopeoplesearchanji
2020-12-25 13:19:46 DEBUG LinkedInLoggedInPage:44 - clear the content in search editbox
2020-12-25 13:19:47 DEBUG LinkedInLoggedInPage:46 - Type the keyword anji
2020-12-25 13:19:50 DEBUG SearchDDTest:60 - fetch the result count foranji
2020-12-25 13:19:50 DEBUG LinkedInLoggedInPage:30 - wait for the search results page title
2020-12-25 13:19:58 DEBUG LinkedInLoggedInPage:38 - wait for the search results text
2020-12-25 13:19:58 DEBUG LinkedInLoggedInPage:40 - geeting the results text from webpage
2020-12-25 13:19:58 DEBUG LinkedInLoggedInPage:43 - results count in string format is 10,596
2020-12-25 13:19:58 DEBUG SearchDDTest:64 - the results count foranji is: 10 596
2020-12-25 13:19:58 DEBUG SearchDDTest:66 - click on home icon
2020-12-25 13:19:58 DEBUG LinkedInLoggedInPage:51 - wait for the home tab
2020-12-25 13:19:58 DEBUG LinkedInLoggedInPage:52 - check whether hometab is clickable or not
2020-12-25 13:19:59 DEBUG SearchDDTest:56 - started executing the searchPeopleTest 
2020-12-25 13:19:59 DEBUG LinkedInLoggedInPage:43 - started executing dopeoplesearchgowri
2020-12-25 13:19:59 DEBUG LinkedInLoggedInPage:44 - clear the content in search editbox
2020-12-25 13:19:59 DEBUG LinkedInLoggedInPage:46 - Type the keyword gowri
2020-12-25 13:20:02 DEBUG SearchDDTest:60 - fetch the result count forgowri
2020-12-25 13:20:02 DEBUG LinkedInLoggedInPage:30 - wait for the search results page title
2020-12-25 13:20:03 DEBUG LinkedInLoggedInPage:38 - wait for the search results text
2020-12-25 13:20:03 DEBUG LinkedInLoggedInPage:40 - geeting the results text from webpage
2020-12-25 13:20:03 DEBUG LinkedInLoggedInPage:43 - results count in string format is 14,022
2020-12-25 13:20:03 DEBUG SearchDDTest:64 - the results count forgowri is: 14 022
2020-12-25 13:20:03 DEBUG SearchDDTest:66 - click on home icon
2020-12-25 13:20:03 DEBUG LinkedInLoggedInPage:51 - wait for the home tab
2020-12-25 13:20:03 DEBUG LinkedInLoggedInPage:52 - check whether hometab is clickable or not
2020-12-25 13:20:04 DEBUG SearchDDTest:81 - do logout
2020-12-25 13:20:17 DEBUG cache:45 - Couldn't find template in cache for "v3html/v3-html-index.ftl"("en", UTF-8, parsed); will try to load it.
2020-12-25 13:20:17 DEBUG cache:45 - TemplateLoader.findTemplateSource("v3html/v3-html-index_en.ftl"): Not found
2020-12-25 13:20:18 DEBUG cache:45 - TemplateLoader.findTemplateSource("v3html/v3-html-index.ftl"): Found
2020-12-25 13:20:18 DEBUG cache:45 - Loading template for "v3html/v3-html-index.ftl"("en", UTF-8, parsed) from "jar:file:/C:/Users/admin/.m2/repository/com/aventstack/extentreports/4.0.9/extentreports-4.0.9.jar!/com/aventstack/extentreports/view/v3html/v3-html-index.ftl"
2020-12-25 13:20:29 DEBUG cache:45 - Couldn't find template in cache for "v3html/v3-html-head.ftl"("en", UTF-8, parsed); will try to load it.
2020-12-25 13:20:29 DEBUG cache:45 - TemplateLoader.findTemplateSource("v3html/v3-html-head_en.ftl"): Not found
2020-12-25 13:20:29 DEBUG cache:45 - TemplateLoader.findTemplateSource("v3html/v3-html-head.ftl"): Found
2020-12-25 13:20:29 DEBUG cache:45 - Loading template for "v3html/v3-html-head.ftl"("en", UTF-8, parsed) from "jar:file:/C:/Users/admin/.m2/repository/com/aventstack/extentreports/4.0.9/extentreports-4.0.9.jar!/com/aventstack/extentreports/view/v3html/v3-html-head.ftl"
2020-12-25 13:20:29 DEBUG cache:45 - Couldn't find template in cache for "v3html/v3-html-nav.ftl"("en", UTF-8, parsed); will try to load it.
2020-12-25 13:20:29 DEBUG cache:45 - TemplateLoader.findTemplateSource("v3html/v3-html-nav_en.ftl"): Not found
2020-12-25 13:20:29 DEBUG cache:45 - TemplateLoader.findTemplateSource("v3html/v3-html-nav.ftl"): Found
2020-12-25 13:20:29 DEBUG cache:45 - Loading template for "v3html/v3-html-nav.ftl"("en", UTF-8, parsed) from "jar:file:/C:/Users/admin/.m2/repository/com/aventstack/extentreports/4.0.9/extentreports-4.0.9.jar!/com/aventstack/extentreports/view/v3html/v3-html-nav.ftl"
2020-12-25 13:20:29 DEBUG cache:45 - Couldn't find template in cache for "v3html/test-view/v3-html-test-view.ftl"("en", UTF-8, parsed); will try to load it.
2020-12-25 13:20:29 DEBUG cache:45 - TemplateLoader.findTemplateSource("v3html/test-view/v3-html-test-view_en.ftl"): Not found
2020-12-25 13:20:29 DEBUG cache:45 - TemplateLoader.findTemplateSource("v3html/test-view/v3-html-test-view.ftl"): Found
2020-12-25 13:20:29 DEBUG cache:45 - Loading template for "v3html/test-view/v3-html-test-view.ftl"("en", UTF-8, parsed) from "jar:file:/C:/Users/admin/.m2/repository/com/aventstack/extentreports/4.0.9/extentreports-4.0.9.jar!/com/aventstack/extentreports/view/v3html/test-view/v3-html-test-view.ftl"
2020-12-25 13:20:30 DEBUG cache:45 - Couldn't find template in cache for "v3html/test-view/v3-html-test-view-charts.ftl"("en", UTF-8, parsed); will try to load it.
2020-12-25 13:20:30 DEBUG cache:45 - TemplateLoader.findTemplateSource("v3html/test-view/v3-html-test-view-charts_en.ftl"): Not found
2020-12-25 13:20:30 DEBUG cache:45 - TemplateLoader.findTemplateSource("v3html/test-view/v3-html-test-view-charts.ftl"): Found
2020-12-25 13:20:30 DEBUG cache:45 - Loading template for "v3html/test-view/v3-html-test-view-charts.ftl"("en", UTF-8, parsed) from "jar:file:/C:/Users/admin/.m2/repository/com/aventstack/extentreports/4.0.9/extentreports-4.0.9.jar!/com/aventstack/extentreports/view/v3html/test-view/v3-html-test-view-charts.ftl"
2020-12-25 13:20:30 DEBUG cache:45 - Couldn't find template in cache for "v3html/test-view/v3-html-standard.ftl"("en", UTF-8, parsed); will try to load it.
2020-12-25 13:20:30 DEBUG cache:45 - TemplateLoader.findTemplateSource("v3html/test-view/v3-html-standard_en.ftl"): Not found
2020-12-25 13:20:30 DEBUG cache:45 - TemplateLoader.findTemplateSource("v3html/test-view/v3-html-standard.ftl"): Found
2020-12-25 13:20:30 DEBUG cache:45 - Loading template for "v3html/test-view/v3-html-standard.ftl"("en", UTF-8, parsed) from "jar:file:/C:/Users/admin/.m2/repository/com/aventstack/extentreports/4.0.9/extentreports-4.0.9.jar!/com/aventstack/extentreports/view/v3html/test-view/v3-html-standard.ftl"
2020-12-25 13:20:30 DEBUG cache:45 - "v3html/test-view/v3-html-standard.ftl"("en", UTF-8, parsed) cached copy not yet stale; using cached.
2020-12-25 13:20:30 DEBUG cache:45 - "v3html/test-view/v3-html-standard.ftl"("en", UTF-8, parsed) cached copy not yet stale; using cached.
2020-12-25 13:20:30 DEBUG cache:45 - "v3html/test-view/v3-html-standard.ftl"("en", UTF-8, parsed) cached copy not yet stale; using cached.
2020-12-25 13:20:30 DEBUG cache:45 - Couldn't find template in cache for "v3html/category-view/v3-html-category-view.ftl"("en", UTF-8, parsed); will try to load it.
2020-12-25 13:20:30 DEBUG cache:45 - TemplateLoader.findTemplateSource("v3html/category-view/v3-html-category-view_en.ftl"): Not found
2020-12-25 13:20:30 DEBUG cache:45 - TemplateLoader.findTemplateSource("v3html/category-view/v3-html-category-view.ftl"): Found
2020-12-25 13:20:30 DEBUG cache:45 - Loading template for "v3html/category-view/v3-html-category-view.ftl"("en", UTF-8, parsed) from "jar:file:/C:/Users/admin/.m2/repository/com/aventstack/extentreports/4.0.9/extentreports-4.0.9.jar!/com/aventstack/extentreports/view/v3html/category-view/v3-html-category-view.ftl"
2020-12-25 13:20:30 DEBUG cache:45 - Couldn't find template in cache for "v3html/exception-view/v3-html-exception-view.ftl"("en", UTF-8, parsed); will try to load it.
2020-12-25 13:20:30 DEBUG cache:45 - TemplateLoader.findTemplateSource("v3html/exception-view/v3-html-exception-view_en.ftl"): Not found
2020-12-25 13:20:30 DEBUG cache:45 - TemplateLoader.findTemplateSource("v3html/exception-view/v3-html-exception-view.ftl"): Found
2020-12-25 13:20:30 DEBUG cache:45 - Loading template for "v3html/exception-view/v3-html-exception-view.ftl"("en", UTF-8, parsed) from "jar:file:/C:/Users/admin/.m2/repository/com/aventstack/extentreports/4.0.9/extentreports-4.0.9.jar!/com/aventstack/extentreports/view/v3html/exception-view/v3-html-exception-view.ftl"
2020-12-25 13:20:30 DEBUG cache:45 - Couldn't find template in cache for "v3html/author-view/v3-html-author-view.ftl"("en", UTF-8, parsed); will try to load it.
2020-12-25 13:20:30 DEBUG cache:45 - TemplateLoader.findTemplateSource("v3html/author-view/v3-html-author-view_en.ftl"): Not found
2020-12-25 13:20:30 DEBUG cache:45 - TemplateLoader.findTemplateSource("v3html/author-view/v3-html-author-view.ftl"): Found
2020-12-25 13:20:30 DEBUG cache:45 - Loading template for "v3html/author-view/v3-html-author-view.ftl"("en", UTF-8, parsed) from "jar:file:/C:/Users/admin/.m2/repository/com/aventstack/extentreports/4.0.9/extentreports-4.0.9.jar!/com/aventstack/extentreports/view/v3html/author-view/v3-html-author-view.ftl"
2020-12-25 13:20:30 DEBUG cache:45 - Couldn't find template in cache for "v3html/dashboard-view/v3-html-dashboard-view.ftl"("en", UTF-8, parsed); will try to load it.
2020-12-25 13:20:30 DEBUG cache:45 - TemplateLoader.findTemplateSource("v3html/dashboard-view/v3-html-dashboard-view_en.ftl"): Not found
2020-12-25 13:20:30 DEBUG cache:45 - TemplateLoader.findTemplateSource("v3html/dashboard-view/v3-html-dashboard-view.ftl"): Found
2020-12-25 13:20:30 DEBUG cache:45 - Loading template for "v3html/dashboard-view/v3-html-dashboard-view.ftl"("en", UTF-8, parsed) from "jar:file:/C:/Users/admin/.m2/repository/com/aventstack/extentreports/4.0.9/extentreports-4.0.9.jar!/com/aventstack/extentreports/view/v3html/dashboard-view/v3-html-dashboard-view.ftl"
2020-12-25 13:20:31 DEBUG cache:45 - Couldn't find template in cache for "v3html/logs-view/v3-html-testrunner-logs-view.ftl"("en", UTF-8, parsed); will try to load it.
2020-12-25 13:20:31 DEBUG cache:45 - TemplateLoader.findTemplateSource("v3html/logs-view/v3-html-testrunner-logs-view_en.ftl"): Not found
2020-12-25 13:20:31 DEBUG cache:45 - TemplateLoader.findTemplateSource("v3html/logs-view/v3-html-testrunner-logs-view.ftl"): Found
2020-12-25 13:20:31 DEBUG cache:45 - Loading template for "v3html/logs-view/v3-html-testrunner-logs-view.ftl"("en", UTF-8, parsed) from "jar:file:/C:/Users/admin/.m2/repository/com/aventstack/extentreports/4.0.9/extentreports-4.0.9.jar!/com/aventstack/extentreports/view/v3html/logs-view/v3-html-testrunner-logs-view.ftl"
2020-12-25 13:20:31 DEBUG TestBase:72 - closing the browser
